<?xml version="1.0" encoding="utf-8"?>
<TestRun id="7d807a4a-3d06-4cda-84a5-91a77c912056" name="SMU360@MMD5CG24435TK 2024-10-10 20:17:07" runUser="CRB\SMU360" xmlns="http://microsoft.com/schemas/VisualStudio/TeamTest/2010">
  <Times creation="2024-10-10T20:17:07.3736602+05:30" queuing="2024-10-10T20:17:07.3736609+05:30" start="2024-10-10T20:17:04.0007133+05:30" finish="2024-10-10T20:17:08.6672528+05:30" />
  <TestSettings name="default" id="2122c382-f49b-4efe-a20d-c496fc2419e7">
    <Deployment runDeploymentRoot="SMU360_MMD5CG24435TK_2024-10-10_20_17_07" />
  </TestSettings>
  <Results>
    <UnitTestResult executionId="733c536e-a88e-43f1-a542-b678a8868b2e" testId="d95fb994-0694-ecb2-235e-f21e2ccc8014" testName="TestShipmentApiAndValidationFlow" computerName="MMD5CG24435TK" duration="00:00:00.0822010" startTime="2024-10-10T20:17:08.4642712+05:30" endTime="2024-10-10T20:17:08.5464712+05:30" testType="13cdc9d9-ddb5-4fa4-a97d-d965ccfc6d4b" outcome="Failed" testListId="8c84fa94-04c1-424b-9868-57a2d4851a1d" relativeResultsDirectory="733c536e-a88e-43f1-a542-b678a8868b2e">
      <Output>
        <ErrorInfo>
          <Message>System.Net.Http.HttpRequestException : No such host is known. (api-eclapi-ncus-sandbox.azurewebsites.net:443)&#xD;
  ----&gt; System.Net.Sockets.SocketException : No such host is known.</Message>
          <StackTrace>   at System.Net.Http.HttpConnectionPool.ConnectToTcpHostAsync(String host, Int32 port, HttpRequestMessage initialRequest, Boolean async, CancellationToken cancellationToken)&#xD;
   at System.Net.Http.HttpConnectionPool.ConnectAsync(HttpRequestMessage request, Boolean async, CancellationToken cancellationToken)&#xD;
   at System.Net.Http.HttpConnectionPool.CreateHttp11ConnectionAsync(HttpRequestMessage request, Boolean async, CancellationToken cancellationToken)&#xD;
   at System.Net.Http.HttpConnectionPool.AddHttp11ConnectionAsync(QueueItem queueItem)&#xD;
   at System.Threading.Tasks.TaskCompletionSourceWithCancellation`1.WaitWithCancellationAsync(CancellationToken cancellationToken)&#xD;
   at System.Net.Http.HttpConnectionPool.SendWithVersionDetectionAndRetryAsync(HttpRequestMessage request, Boolean async, Boolean doRequestAuth, CancellationToken cancellationToken)&#xD;
   at System.Net.Http.RedirectHandler.SendAsync(HttpRequestMessage request, Boolean async, CancellationToken cancellationToken)&#xD;
   at System.Net.Http.HttpClient.&lt;SendAsync&gt;g__Core|83_0(HttpRequestMessage request, HttpCompletionOption completionOption, CancellationTokenSource cts, Boolean disposeCts, CancellationTokenSource pendingRequestsCts, CancellationToken originalCancellationToken)&#xD;
   at Services.AuthService.GetJwtToken() in C:\Users\SMU360\OneDrive - Maersk Group\Documents\GitHub\Amazon_E2E\Test\Controller_plus_Service\PMS\AuthService.cs:line 22&#xD;
   at Tests.ShipmentTests.Setup() in C:\Users\SMU360\OneDrive - Maersk Group\Documents\GitHub\Amazon_E2E\Tests\ShipmentTests.cs:line 40&#xD;
   at NUnit.Framework.Internal.TaskAwaitAdapter.GenericAdapter`1.BlockUntilCompleted()&#xD;
   at NUnit.Framework.Internal.MessagePumpStrategy.NoMessagePumpStrategy.WaitForCompletion(AwaitAdapter awaiter)&#xD;
   at NUnit.Framework.Internal.AsyncToSyncAdapter.Await(Func`1 invoke)&#xD;
   at NUnit.Framework.Internal.Commands.SetUpTearDownItem.RunSetUpOrTearDownMethod(TestExecutionContext context, IMethodInfo method)&#xD;
   at NUnit.Framework.Internal.Commands.SetUpTearDownItem.RunSetUp(TestExecutionContext context)&#xD;
   at NUnit.Framework.Internal.Commands.SetUpTearDownCommand.&lt;&gt;c__DisplayClass0_0.&lt;.ctor&gt;b__0(TestExecutionContext context)&#xD;
   at NUnit.Framework.Internal.Commands.BeforeAndAfterTestCommand.&lt;&gt;c__DisplayClass1_0.&lt;Execute&gt;b__0()&#xD;
   at NUnit.Framework.Internal.Commands.DelegatingTestCommand.RunTestMethodInThreadAbortSafeZone(TestExecutionContext context, Action action)&#xD;
--SocketException&#xD;
   at System.Net.Sockets.Socket.AwaitableSocketAsyncEventArgs.ThrowException(SocketError error, CancellationToken cancellationToken)&#xD;
   at System.Net.Sockets.Socket.AwaitableSocketAsyncEventArgs.System.Threading.Tasks.Sources.IValueTaskSource.GetResult(Int16 token)&#xD;
   at System.Net.Sockets.Socket.&lt;ConnectAsync&gt;g__WaitForConnectWithCancellation|285_0(AwaitableSocketAsyncEventArgs saea, ValueTask connectTask, CancellationToken cancellationToken)&#xD;
   at System.Net.Http.HttpConnectionPool.ConnectToTcpHostAsync(String host, Int32 port, HttpRequestMessage initialRequest, Boolean async, CancellationToken cancellationToken)</StackTrace>
        </ErrorInfo>
      </Output>
    </UnitTestResult>
    <UnitTestResult executionId="211cc986-b82e-4e88-99b1-94cf94f16a3f" testId="390003ca-bb85-2457-93b1-4554b7fd4614" testName="UserValidatesTheShipmentCreation" computerName="MMD5CG24435TK" duration="00:00:00.0047760" startTime="2024-10-10T20:17:06.6172026+05:30" endTime="2024-10-10T20:17:06.6220222+05:30" testType="13cdc9d9-ddb5-4fa4-a97d-d965ccfc6d4b" outcome="Passed" testListId="8c84fa94-04c1-424b-9868-57a2d4851a1d" relativeResultsDirectory="211cc986-b82e-4e88-99b1-94cf94f16a3f" />
    <UnitTestResult executionId="0f2ac8bf-b573-4ad5-a9b0-4b401e307174" testId="94a87634-94af-589d-6eee-0fb8dc477f3f" testName="AssignContainerToParcel" computerName="MMD5CG24435TK" duration="00:00:00.0007440" startTime="2024-10-10T20:17:06.6354392+05:30" endTime="2024-10-10T20:17:06.6361829+05:30" testType="13cdc9d9-ddb5-4fa4-a97d-d965ccfc6d4b" outcome="Passed" testListId="8c84fa94-04c1-424b-9868-57a2d4851a1d" relativeResultsDirectory="0f2ac8bf-b573-4ad5-a9b0-4b401e307174" />
    <UnitTestResult executionId="80fe10bd-3b96-4006-be59-0ca8ae6fb63e" testId="aad7b133-fc5d-4888-a731-7f7b3b2a2989" testName="GenerateALabelSuccessfully" computerName="MMD5CG24435TK" duration="00:00:00.0013550" startTime="2024-10-10T20:17:06.5727482+05:30" endTime="2024-10-10T20:17:06.5741032+05:30" testType="13cdc9d9-ddb5-4fa4-a97d-d965ccfc6d4b" outcome="Passed" testListId="8c84fa94-04c1-424b-9868-57a2d4851a1d" relativeResultsDirectory="80fe10bd-3b96-4006-be59-0ca8ae6fb63e" />
    <UnitTestResult executionId="1f7e078a-3b2a-4b1f-be93-d93cbfce1459" testId="549abac6-dc6e-874b-2853-fc877d53d5ce" testName="LaunchTestAsync" computerName="MMD5CG24435TK" duration="00:00:01.8263170" startTime="2024-10-10T20:17:06.6374364+05:30" endTime="2024-10-10T20:17:08.4637526+05:30" testType="13cdc9d9-ddb5-4fa4-a97d-d965ccfc6d4b" outcome="Passed" testListId="8c84fa94-04c1-424b-9868-57a2d4851a1d" relativeResultsDirectory="1f7e078a-3b2a-4b1f-be93-d93cbfce1459" />
    <UnitTestResult executionId="48ce0d6e-e817-480b-9c58-c001c61861bd" testId="4a01d423-0984-f6cc-1a0c-6af1740857f6" testName="UpdateDataWithValidAPIKeyAndJSONPayload" computerName="MMD5CG24435TK" duration="00:00:00.0008180" startTime="2024-10-10T20:17:06.5754448+05:30" endTime="2024-10-10T20:17:06.5762627+05:30" testType="13cdc9d9-ddb5-4fa4-a97d-d965ccfc6d4b" outcome="Passed" testListId="8c84fa94-04c1-424b-9868-57a2d4851a1d" relativeResultsDirectory="48ce0d6e-e817-480b-9c58-c001c61861bd" />
    <UnitTestResult executionId="a2d53d3d-f4c0-472e-bb9b-73774919978f" testId="6efe9f55-6958-788e-1ddd-02161360c1c1" testName="SuccessfullyRetrieveAJWTTokenAndPackageBarcode" computerName="MMD5CG24435TK" duration="00:00:00.0191190" startTime="2024-10-10T20:17:06.5398082+05:30" endTime="2024-10-10T20:17:06.5588025+05:30" testType="13cdc9d9-ddb5-4fa4-a97d-d965ccfc6d4b" outcome="Passed" testListId="8c84fa94-04c1-424b-9868-57a2d4851a1d" relativeResultsDirectory="a2d53d3d-f4c0-472e-bb9b-73774919978f" />
    <UnitTestResult executionId="476f09ab-a8e2-4f99-a886-1a5a763de51f" testId="f75b8041-c466-2276-08b4-91b037acd24c" testName="UserLogsInAndValidatesShipmentCreation" computerName="MMD5CG24435TK" duration="00:00:00.0290860" startTime="2024-10-10T20:17:06.5781515+05:30" endTime="2024-10-10T20:17:06.6072367+05:30" testType="13cdc9d9-ddb5-4fa4-a97d-d965ccfc6d4b" outcome="Failed" testListId="8c84fa94-04c1-424b-9868-57a2d4851a1d" relativeResultsDirectory="476f09ab-a8e2-4f99-a886-1a5a763de51f">
      <Output>
        <StdOut>Given the user provides valid credentials</StdOut>
        <ErrorInfo>
          <Message>System.TypeInitializationException : The type initializer for 'Allure.SpecFlowPlugin.AllureTestTracerWrapper' threw an exception.&#xD;
  ----&gt; System.IO.FileNotFoundException : Could not find file 'C:\Users\SMU360\OneDrive - Maersk Group\Documents\GitHub\Amazon_E2E\bin\Debug\net8.0\allureConfig.json'.</Message>
          <StackTrace>   at Allure.SpecFlowPlugin.AllureTestTracerWrapper.StartStep(StepInstance stepInstance)&#xD;
   at Allure.SpecFlowPlugin.AllureTestTracerWrapper.TechTalk.SpecFlow.Tracing.ITestTracer.TraceStep(StepInstance stepInstance, Boolean showAdditionalArguments)&#xD;
   at TechTalk.SpecFlow.Infrastructure.TestExecutionEngine.ExecuteStep(IContextManager contextManager, StepInstance stepInstance)&#xD;
   at TechTalk.SpecFlow.Infrastructure.TestExecutionEngine.Step(StepDefinitionKeyword stepDefinitionKeyword, String keyword, String text, String multilineTextArg, Table tableArg)&#xD;
   at TechTalk.SpecFlow.TestRunner.Given(String text, String multilineTextArg, Table tableArg, String keyword)&#xD;
   at Amazon_E2E.Test.Controller_Plus_Service.Features.ShipmentProcessingFeature.UserLogsInAndValidatesShipmentCreation() in C:\Users\SMU360\OneDrive - Maersk Group\Documents\GitHub\Amazon_E2E\Test\Controller_plus_Service\Features\PMS.feature:line 4&#xD;
   at System.RuntimeMethodHandle.InvokeMethod(Object target, Void** arguments, Signature sig, Boolean isConstructor)&#xD;
   at System.Reflection.MethodBaseInvoker.InvokeWithNoArgs(Object obj, BindingFlags invokeAttr)&#xD;
--FileNotFoundException&#xD;
   at Microsoft.Win32.SafeHandles.SafeFileHandle.CreateFile(String fullPath, FileMode mode, FileAccess access, FileShare share, FileOptions options)&#xD;
   at Microsoft.Win32.SafeHandles.SafeFileHandle.Open(String fullPath, FileMode mode, FileAccess access, FileShare share, FileOptions options, Int64 preallocationSize, Nullable`1 unixCreateMode)&#xD;
   at System.IO.Strategies.OSFileStreamStrategy..ctor(String path, FileMode mode, FileAccess access, FileShare share, FileOptions options, Int64 preallocationSize, Nullable`1 unixCreateMode)&#xD;
   at System.IO.Strategies.FileStreamHelpers.ChooseStrategyCore(String path, FileMode mode, FileAccess access, FileShare share, FileOptions options, Int64 preallocationSize, Nullable`1 unixCreateMode)&#xD;
   at System.IO.StreamReader.ValidateArgsAndOpenPath(String path, Encoding encoding, Int32 bufferSize)&#xD;
   at System.IO.File.ReadAllText(String path, Encoding encoding)&#xD;
   at Allure.Commons.AllureLifecycle..ctor(String jsonConfigurationFile)&#xD;
   at Allure.Commons.AllureLifecycle..ctor()&#xD;
   at Allure.Commons.AllureLifecycle.get_Instance()&#xD;
   at Allure.SpecFlowPlugin.AllureTestTracerWrapper..cctor()</StackTrace>
        </ErrorInfo>
      </Output>
    </UnitTestResult>
  </Results>
  <TestDefinitions>
    <UnitTest name="UserLogsInAndValidatesShipmentCreation" storage="c:\users\smu360\onedrive - maersk group\documents\github\amazon_e2e\bin\debug\net8.0\amazon_e2e.dll" id="f75b8041-c466-2276-08b4-91b037acd24c">
      <Execution id="476f09ab-a8e2-4f99-a886-1a5a763de51f" />
      <TestMethod codeBase="C:\Users\SMU360\OneDrive - Maersk Group\Documents\GitHub\Amazon_E2E\bin\Debug\net8.0\Amazon_E2E.dll" adapterTypeName="executor://nunit3testexecutor/" className="Amazon_E2E.Test.Controller_Plus_Service.Features.ShipmentProcessingFeature" name="UserLogsInAndValidatesShipmentCreation" />
    </UnitTest>
    <UnitTest name="AssignContainerToParcel" storage="c:\users\smu360\onedrive - maersk group\documents\github\amazon_e2e\bin\debug\net8.0\amazon_e2e.dll" id="94a87634-94af-589d-6eee-0fb8dc477f3f">
      <Execution id="0f2ac8bf-b573-4ad5-a9b0-4b401e307174" />
      <TestMethod codeBase="C:\Users\SMU360\OneDrive - Maersk Group\Documents\GitHub\Amazon_E2E\bin\Debug\net8.0\Amazon_E2E.dll" adapterTypeName="executor://nunit3testexecutor/" className="Amazon_E2E.Test.Controller_Plus_Service.Features.SortServiceAssignmentFeature" name="AssignContainerToParcel" />
    </UnitTest>
    <UnitTest name="GenerateALabelSuccessfully" storage="c:\users\smu360\onedrive - maersk group\documents\github\amazon_e2e\bin\debug\net8.0\amazon_e2e.dll" id="aad7b133-fc5d-4888-a731-7f7b3b2a2989">
      <Execution id="80fe10bd-3b96-4006-be59-0ca8ae6fb63e" />
      <TestMethod codeBase="C:\Users\SMU360\OneDrive - Maersk Group\Documents\GitHub\Amazon_E2E\bin\Debug\net8.0\Amazon_E2E.dll" adapterTypeName="executor://nunit3testexecutor/" className="Amazon_E2E.Test.Controller_Plus_Service.Features.LabelGenerationFeature" name="GenerateALabelSuccessfully" />
    </UnitTest>
    <UnitTest name="TestShipmentApiAndValidationFlow" storage="c:\users\smu360\onedrive - maersk group\documents\github\amazon_e2e\bin\debug\net8.0\amazon_e2e.dll" id="d95fb994-0694-ecb2-235e-f21e2ccc8014">
      <Execution id="733c536e-a88e-43f1-a542-b678a8868b2e" />
      <TestMethod codeBase="C:\Users\SMU360\OneDrive - Maersk Group\Documents\GitHub\Amazon_E2E\bin\Debug\net8.0\Amazon_E2E.dll" adapterTypeName="executor://nunit3testexecutor/" className="Tests.ShipmentTests" name="TestShipmentApiAndValidationFlow" />
    </UnitTest>
    <UnitTest name="LaunchTestAsync" storage="c:\users\smu360\onedrive - maersk group\documents\github\amazon_e2e\bin\debug\net8.0\amazon_e2e.dll" id="549abac6-dc6e-874b-2853-fc877d53d5ce">
      <Execution id="1f7e078a-3b2a-4b1f-be93-d93cbfce1459" />
      <TestMethod codeBase="C:\Users\SMU360\OneDrive - Maersk Group\Documents\GitHub\Amazon_E2E\bin\Debug\net8.0\Amazon_E2E.dll" adapterTypeName="executor://nunit3testexecutor/" className="Amazon_E2E_copy.Tests.LaunchTest" name="LaunchTestAsync" />
    </UnitTest>
    <UnitTest name="UserValidatesTheShipmentCreation" storage="c:\users\smu360\onedrive - maersk group\documents\github\amazon_e2e\bin\debug\net8.0\amazon_e2e.dll" id="390003ca-bb85-2457-93b1-4554b7fd4614">
      <Execution id="211cc986-b82e-4e88-99b1-94cf94f16a3f" />
      <TestMethod codeBase="C:\Users\SMU360\OneDrive - Maersk Group\Documents\GitHub\Amazon_E2E\bin\Debug\net8.0\Amazon_E2E.dll" adapterTypeName="executor://nunit3testexecutor/" className="Amazon_E2E.Test.Controller_Plus_Service.Features.ShipmentProcessingFeature" name="UserValidatesTheShipmentCreation" />
    </UnitTest>
    <UnitTest name="SuccessfullyRetrieveAJWTTokenAndPackageBarcode" storage="c:\users\smu360\onedrive - maersk group\documents\github\amazon_e2e\bin\debug\net8.0\amazon_e2e.dll" id="6efe9f55-6958-788e-1ddd-02161360c1c1">
      <Execution id="a2d53d3d-f4c0-472e-bb9b-73774919978f" />
      <TestMethod codeBase="C:\Users\SMU360\OneDrive - Maersk Group\Documents\GitHub\Amazon_E2E\bin\Debug\net8.0\Amazon_E2E.dll" adapterTypeName="executor://nunit3testexecutor/" className="Amazon_E2E.Test.Controller_Plus_Service.Features.GTSAuthenticationAndTrackingFeature" name="SuccessfullyRetrieveAJWTTokenAndPackageBarcode" />
    </UnitTest>
    <UnitTest name="UpdateDataWithValidAPIKeyAndJSONPayload" storage="c:\users\smu360\onedrive - maersk group\documents\github\amazon_e2e\bin\debug\net8.0\amazon_e2e.dll" id="4a01d423-0984-f6cc-1a0c-6af1740857f6">
      <Execution id="48ce0d6e-e817-480b-9c58-c001c61861bd" />
      <TestMethod codeBase="C:\Users\SMU360\OneDrive - Maersk Group\Documents\GitHub\Amazon_E2E\bin\Debug\net8.0\Amazon_E2E.dll" adapterTypeName="executor://nunit3testexecutor/" className="Amazon_E2E.Test.Controller_Plus_Service.Features.MTSDataUpdateFeature" name="UpdateDataWithValidAPIKeyAndJSONPayload" />
    </UnitTest>
  </TestDefinitions>
  <TestEntries>
    <TestEntry testId="d95fb994-0694-ecb2-235e-f21e2ccc8014" executionId="733c536e-a88e-43f1-a542-b678a8868b2e" testListId="8c84fa94-04c1-424b-9868-57a2d4851a1d" />
    <TestEntry testId="390003ca-bb85-2457-93b1-4554b7fd4614" executionId="211cc986-b82e-4e88-99b1-94cf94f16a3f" testListId="8c84fa94-04c1-424b-9868-57a2d4851a1d" />
    <TestEntry testId="94a87634-94af-589d-6eee-0fb8dc477f3f" executionId="0f2ac8bf-b573-4ad5-a9b0-4b401e307174" testListId="8c84fa94-04c1-424b-9868-57a2d4851a1d" />
    <TestEntry testId="aad7b133-fc5d-4888-a731-7f7b3b2a2989" executionId="80fe10bd-3b96-4006-be59-0ca8ae6fb63e" testListId="8c84fa94-04c1-424b-9868-57a2d4851a1d" />
    <TestEntry testId="549abac6-dc6e-874b-2853-fc877d53d5ce" executionId="1f7e078a-3b2a-4b1f-be93-d93cbfce1459" testListId="8c84fa94-04c1-424b-9868-57a2d4851a1d" />
    <TestEntry testId="4a01d423-0984-f6cc-1a0c-6af1740857f6" executionId="48ce0d6e-e817-480b-9c58-c001c61861bd" testListId="8c84fa94-04c1-424b-9868-57a2d4851a1d" />
    <TestEntry testId="6efe9f55-6958-788e-1ddd-02161360c1c1" executionId="a2d53d3d-f4c0-472e-bb9b-73774919978f" testListId="8c84fa94-04c1-424b-9868-57a2d4851a1d" />
    <TestEntry testId="f75b8041-c466-2276-08b4-91b037acd24c" executionId="476f09ab-a8e2-4f99-a886-1a5a763de51f" testListId="8c84fa94-04c1-424b-9868-57a2d4851a1d" />
  </TestEntries>
  <TestLists>
    <TestList name="Results Not in a List" id="8c84fa94-04c1-424b-9868-57a2d4851a1d" />
    <TestList name="All Loaded Results" id="19431567-8539-422a-85d7-44ee4e166bda" />
  </TestLists>
  <ResultSummary outcome="Failed">
    <Counters total="8" executed="8" passed="6" failed="2" error="0" timeout="0" aborted="0" inconclusive="0" passedButRunAborted="0" notRunnable="0" notExecuted="0" disconnected="0" warning="0" completed="0" inProgress="0" pending="0" />
    <Output>
      <StdOut>NUnit Adapter 4.2.0.0: Test execution started&#xD;
Running all tests in C:\Users\SMU360\OneDrive - Maersk Group\Documents\GitHub\Amazon_E2E\bin\Debug\net8.0\Amazon_E2E.dll&#xD;
   NUnit3TestExecutor discovered 8 of 8 NUnit test cases using Current Discovery mode, Non-Explicit run&#xD;
NUnit Adapter 4.2.0.0: Test execution complete&#xD;
</StdOut>
    </Output>
    <RunInfos>
      <RunInfo computerName="MMD5CG24435TK" outcome="Warning" timestamp="2024-10-10T20:17:06.6316566+05:30">
        <Text>Given the user provides valid credentials&#xD;
</Text>
      </RunInfo>
    </RunInfos>
  </ResultSummary>
</TestRun>