<?xml version="1.0" encoding="utf-8"?>
<TestRun id="f2f7e916-b71d-4a1e-add6-ed8a219ef727" name="SMU360@MMD5CG24435TK 2024-10-10 17:04:24" runUser="CRB\SMU360" xmlns="http://microsoft.com/schemas/VisualStudio/TeamTest/2010">
  <Times creation="2024-10-10T17:04:24.9378393+05:30" queuing="2024-10-10T17:04:24.9378398+05:30" start="2024-10-10T17:04:22.3531767+05:30" finish="2024-10-10T17:05:06.4522266+05:30" />
  <TestSettings name="default" id="d30ab6f4-017b-4fc4-88d5-411943866d9a">
    <Deployment runDeploymentRoot="SMU360_MMD5CG24435TK_2024-10-10_17_04_24" />
  </TestSettings>
  <Results>
    <UnitTestResult executionId="b0959ed5-33d2-47b3-8735-7e7ee4aa3505" testId="549abac6-dc6e-874b-2853-fc877d53d5ce" testName="LaunchTestAsync" computerName="MMD5CG24435TK" duration="00:00:01.6298820" startTime="2024-10-10T17:04:25.5415026+05:30" endTime="2024-10-10T17:04:27.1713837+05:30" testType="13cdc9d9-ddb5-4fa4-a97d-d965ccfc6d4b" outcome="Passed" testListId="8c84fa94-04c1-424b-9868-57a2d4851a1d" relativeResultsDirectory="b0959ed5-33d2-47b3-8735-7e7ee4aa3505" />
    <UnitTestResult executionId="4328f032-d370-4d64-ac6a-b240adcf8729" testId="6efe9f55-6958-788e-1ddd-02161360c1c1" testName="SuccessfullyRetrieveAJWTTokenAndPackageBarcode" computerName="MMD5CG24435TK" duration="00:00:00.0131390" startTime="2024-10-10T17:04:23.9613851+05:30" endTime="2024-10-10T17:04:23.9744442+05:30" testType="13cdc9d9-ddb5-4fa4-a97d-d965ccfc6d4b" outcome="Passed" testListId="8c84fa94-04c1-424b-9868-57a2d4851a1d" relativeResultsDirectory="4328f032-d370-4d64-ac6a-b240adcf8729" />
    <UnitTestResult executionId="95b31129-bc8e-4a70-a604-16e94873f6b1" testId="d95fb994-0694-ecb2-235e-f21e2ccc8014" testName="TestShipmentApiAndValidationFlow" computerName="MMD5CG24435TK" duration="00:00:38.7518210" startTime="2024-10-10T17:04:27.1717322+05:30" endTime="2024-10-10T17:05:05.9235529+05:30" testType="13cdc9d9-ddb5-4fa4-a97d-d965ccfc6d4b" outcome="Failed" testListId="8c84fa94-04c1-424b-9868-57a2d4851a1d" relativeResultsDirectory="95b31129-bc8e-4a70-a604-16e94873f6b1">
      <Output>
        <StdOut>Login Successful&#xD;
JWT Token: eyJhbGciOiJSUzI1NiIsInR5cCI6IkpXVCJ9.eyJpZCI6NTM5LCJmaXJzdF9uYW1lIjoiU2VlYnVyZ2VyIiwibGFzdF9uYW1lIjoiTWFlcnNrIiwiZW1haWwiOiJzZWVidXJnZXJAbWFlcnNrLmNvbSIsInJvbGVzIjpbeyJyb2xlIjoiUE1TIiwiZGVzY3JpcHRpb24iOiJQYXJjZWwgTWFuaWZlc3QgU2VydmljZSBzcGVjaWZpYyByb2xlIn0seyJyb2xlIjoiR1RTIiwiZGVzY3JpcHRpb24iOiJBY2NvdW50cyB0aGF0IGFyZSBhdXRob3Jpc2VkIHRvIGFjY2VzcyBHVFMifSx7InJvbGUiOiJCcmFuZF9BcGlfVXNlciIsImRlc2NyaXB0aW9uIjoiVXNlciBmb3IgQnJhbmQgQVBJIn1dLCJicmFuZF9pZCI6IiIsImV4cCI6MTcyOTE2NDg2OX0.nAM5XgclLrQfupjPHqgG9WmBZLmrqubHVmuC7WdqpzMVY4HjxTmE1bEwZefmpc8Zucpo7iYqhzXil2BzFFhjnJwTjdlslbMgsTLg_2fpuHOH9_6h7W9b3G3CjCV8sHEb2vC4EH1Nx90kc9pnF9V3UA1m3X-6fIpkQSjYr8t_EQw&#xD;
Sort JWT Token: eyJhbGciOiJSUzI1NiIsInR5cCI6IkpXVCJ9.eyJpZCI6NTczLCJmaXJzdF9uYW1lIjoiU29ydGluZyIsImxhc3RfbmFtZSI6IkFkbWluaXN0cmF0b3IiLCJlbWFpbCI6InNvcnRpbmdfYWRtaW4xQG1hZXJzay5jb20iLCJyb2xlcyI6W3sicm9sZSI6IlNvcnRpbmdfQWRtaW5pc3RyYXRvciIsImRlc2NyaXB0aW9uIjoiU29ydGluZyBBZG1pbmlzdHJhdG9yIn1dLCJicmFuZF9pZCI6IiIsImV4cCI6MTcyOTE2NDg2OX0.BVanKHggArEskgD8G9xb99_D7OuaDssb2mKJZ6uRC6zEQagOyop6uC5GmdUfoabxwp7gL6ZxzX0T083UN3CfA66ZQl3tRHO3t-eIHwpVLkhZdVagd2hELVtQLNBqhloOCpwKg66BRMsmyW-BQ6p6oz-SpEIFeStJhzhWHvBb9h4&#xD;
Manifest Number: Testing_20240_169&#xD;
Customer Identifier: AMAEU0001&#xD;
Shipment is in PreProcessing, waiting for 30 seconds...&#xD;
Shipment processed successfully.&#xD;
JSON Content: {&#xD;
  "schemaVersion": "Amazon_v1",&#xD;
  "fromAddress": {&#xD;
    "isResidential": false,&#xD;
    "addressLine1": "1623 Damsluisweg 40",&#xD;
    "city": "Almere",&#xD;
    "state": "NL",&#xD;
    "zip": "1332 ED",&#xD;
    "countryCode": "NL",&#xD;
    "name": "Amazon.com",&#xD;
    "company": "Amazon NL",&#xD;
    "phone": "513-346-3100",&#xD;
    "email": "info@sample.com",&#xD;
    "type": "Ship_From"&#xD;
  },&#xD;
  "warehouseLocation": "ABE2",&#xD;
  "transmissionDate": "2024-09-30T18:30:10.794Z",&#xD;
  "shipDate": "2024-09-30T18:30:10.794Z",&#xD;
  "billingType": "PREPAID",&#xD;
  "totalShipmentQuantity": 1,&#xD;
  "totalShipmentQuantityUnit": "EA",&#xD;
  "totalShipmentValueCurrencyCode": "USD",&#xD;
  "totalShipmentValueType": "CHARGE",&#xD;
  "totalShipmentValue": 6.88,&#xD;
  "currencyCode": "USD",&#xD;
  "totalDeclaredWeight": "1",&#xD;
  "totalDeclaredWeightUnit": "LB",&#xD;
  "totalWeight": 1,&#xD;
  "totalWeightUnit": "LB",&#xD;
  "senderId": "Amazon",&#xD;
  "recipientId": "CarrierInternalId",&#xD;
  "carrierInternalId": "Carrier Name",&#xD;
  "shipmentMethod": "ABC_INT_EXPD",&#xD;
  "carrierAccountId": "ABCDFRT",&#xD;
  "shipments": [&#xD;
    {&#xD;
      "orderNumber": "TSTAMZEU90001_0000002",&#xD;
      "marketPlaceId": "1",&#xD;
      "termsOfSale": "DDP",&#xD;
      "freightCharge": 7,&#xD;
      "freightChargeCurrencyCode": "USD",&#xD;
      "freightChargeType": "CHARGE",&#xD;
      "valueOfGoods": 7,&#xD;
      "valueOfGoodsCurrencyCode": "USD",&#xD;
      "valueOfGoodsType": "CHARGE",&#xD;
      "cif": 7,&#xD;
      "cifCurrencyCode": "USD",&#xD;
      "cifType": "CHARGE",&#xD;
      "consigneeFreightCharge": 7,&#xD;
      "consigneeFreightChargeCurrencyCode": "USD",&#xD;
      "consigneeFreightChargeType": "CHARGE",&#xD;
      "toAddress": {&#xD;
        "isResidential": true,&#xD;
        "addressLine1": "58 Middle Point Rd",&#xD;
        "city": "San Francisco",&#xD;
        "state": "CA",&#xD;
        "zip": "94124-2222",&#xD;
        "countrycode": "US",&#xD;
        "name": "Test Customer",&#xD;
        "company": "Amazon US",&#xD;
        "phone": "313-111-1111",&#xD;
        "email": "info@sample.com",&#xD;
        "type": "consignee",&#xD;
        "taxIdType": "ITIN",&#xD;
        "taxId": "991-83-8TST"&#xD;
      },&#xD;
      "package": {&#xD;
        "length": 12.59,&#xD;
        "lengthUnit": "IN",&#xD;
        "width": 3.93,&#xD;
        "widthUnit": "IN",&#xD;
        "height": 4.72,&#xD;
        "heightUnit": "IN",&#xD;
        "declaredWeight": 1,&#xD;
        "declaredWeightUnit": "LB",&#xD;
        "weight": 1,&#xD;
        "weightUnit": "LB",&#xD;
        "weightCalculateMethod": "Weight",&#xD;
        "shipmentMethod": "ABC_INT_EXPD",&#xD;
        "deliveryDate": "2024-09-30T15:30:10.796Z",&#xD;
        "shipSort": "EWR8-SKNY-ILTV-IL-EXP",&#xD;
        "shipOption": "std-intl-us-eur2-ag",&#xD;
        "zone": "ILTV_TO_IL",&#xD;
        "declaredValue": 1.34,&#xD;
        "declaredValueCurrencyCode": "USD",&#xD;
        "exportedCharge": 0.0,&#xD;
        "exportedChargeCurrencyCode": "USD",&#xD;
        "description": "Maersk Pen",&#xD;
        "trackingNumber": "TSTAMZEU90001_0000002",&#xD;
        "trackingBarCodeNumber": "TSTAMZEU90001_0000002",&#xD;
        "legacyShipmentId": "leGacy1",&#xD;
        "packageNumber": 1,&#xD;
        "batteryStatements": "Not restricted as per special provision A123",&#xD;
        "codCharge": "0.00",&#xD;
        "codChargeCurrencyCode": "EUR",&#xD;
        "codChargeType": "CHARGE",&#xD;
        "packageItems": [&#xD;
          {&#xD;
            "altCode": "112-6978775-2915401",&#xD;
            "sku": "MAERSK PEN",&#xD;
            "skuType": "AMAZON_ASIN",&#xD;
            "skuIsFreeRep": false,&#xD;
            "description": "Maersk Pen - Biodegradable, Navy blue",&#xD;
            "quantity": 1,&#xD;
            "quantityUnit": "EA",&#xD;
            "isHazmat": false,&#xD;
            "price": 1.34,&#xD;
            "priceCurrencyCode": "USD",&#xD;
            "priceType": "CHARGE",&#xD;
            "extendedprice": 1.34,&#xD;
            "extendedPriceCurrencyCode": "USD",&#xD;
            "extendedPriceType": "CHARGE",&#xD;
            "weight": 1,&#xD;
            "weightUnit": "LB",&#xD;
            "hsCode": "9608300039",&#xD;
            "hsCodeDestination": "9608300039",&#xD;
            "hsCodeDescription": "With liquid ink",&#xD;
            "countryOfOrigin": "CN"&#xD;
          },&#xD;
          {&#xD;
            "altCode": "112-6978775-2915401",&#xD;
            "sku": "MAERSK PEN",&#xD;
            "skuType": "AMAZON_ASIN",&#xD;
            "skuIsFreeRep": false,&#xD;
            "description": "Maersk Pen - Biodegradable, Navy blue",&#xD;
            "quantity": 1,&#xD;
            "quantityUnit": "EA",&#xD;
            "isHazmat": false,&#xD;
            "price": 1.34,&#xD;
            "priceCurrencyCode": "USD",&#xD;
            "priceType": "CHARGE",&#xD;
            "extendedprice": 1.34,&#xD;
            "extendedPriceCurrencyCode": "USD",&#xD;
            "extendedPriceType": "CHARGE",&#xD;
            "weight": 1,&#xD;
            "weightUnit": "LB",&#xD;
            "hsCode": "4820102020",&#xD;
            "hsCodeDestination": "4820102020",&#xD;
            "hsCodeDescription": "With liquid ink",&#xD;
            "countryOfOrigin": "CN"&#xD;
          }&#xD;
        ]&#xD;
      },&#xD;
      "transmissionDate": "2024-10-10T17:04:27",&#xD;
      "shipDate": "2024-10-10T17:04:27",&#xD;
      "deliveryDate": "2024-10-10T17:04:27"&#xD;
    }&#xD;
  ],&#xD;
  "lastManifestNumber": "Testing_20240_169",&#xD;
  "lastIncrement": 2&#xD;
}&#xD;
Order ID: TSTAMZEU90001_0000002&#xD;
Tracking Number: TSTAMZEU90001_0000002</StdOut>
        <ErrorInfo>
          <Message>System.Net.Http.HttpRequestException : No such host is known. (wwa-globaltrackingsolution-weu-staging.azurewebsites.net:443)&#xD;
  ----&gt; System.Net.Sockets.SocketException : No such host is known.</Message>
          <StackTrace>   at System.Net.Http.HttpConnectionPool.ConnectToTcpHostAsync(String host, Int32 port, HttpRequestMessage initialRequest, Boolean async, CancellationToken cancellationToken)&#xD;
   at System.Net.Http.HttpConnectionPool.ConnectAsync(HttpRequestMessage request, Boolean async, CancellationToken cancellationToken)&#xD;
   at System.Net.Http.HttpConnectionPool.CreateHttp11ConnectionAsync(HttpRequestMessage request, Boolean async, CancellationToken cancellationToken)&#xD;
   at System.Net.Http.HttpConnectionPool.AddHttp11ConnectionAsync(QueueItem queueItem)&#xD;
   at System.Threading.Tasks.TaskCompletionSourceWithCancellation`1.WaitWithCancellationAsync(CancellationToken cancellationToken)&#xD;
   at System.Net.Http.HttpConnectionPool.SendWithVersionDetectionAndRetryAsync(HttpRequestMessage request, Boolean async, Boolean doRequestAuth, CancellationToken cancellationToken)&#xD;
   at System.Net.Http.RedirectHandler.SendAsync(HttpRequestMessage request, Boolean async, CancellationToken cancellationToken)&#xD;
   at System.Net.Http.HttpClient.&lt;SendAsync&gt;g__Core|83_0(HttpRequestMessage request, HttpCompletionOption completionOption, CancellationTokenSource cts, Boolean disposeCts, CancellationTokenSource pendingRequestsCts, CancellationToken originalCancellationToken)&#xD;
   at Services.GtsTrackingService.GetPackageBarcodeAsync(String gtsToken, String trackingNumber) in C:\Users\SMU360\OneDrive - Maersk Group\Documents\GitHub\Amazon_E2E\Test\Controller_plus_Service\GTS\GtsTrackingService.cs:line 21&#xD;
   at Tests.ShipmentTests.TestShipmentApiAndValidationFlow() in C:\Users\SMU360\OneDrive - Maersk Group\Documents\GitHub\Amazon_E2E\Tests\ShipmentTests.cs:line 97&#xD;
   at NUnit.Framework.Internal.TaskAwaitAdapter.GenericAdapter`1.BlockUntilCompleted()&#xD;
   at NUnit.Framework.Internal.MessagePumpStrategy.NoMessagePumpStrategy.WaitForCompletion(AwaitAdapter awaiter)&#xD;
   at NUnit.Framework.Internal.AsyncToSyncAdapter.Await(Func`1 invoke)&#xD;
   at NUnit.Framework.Internal.Commands.TestMethodCommand.RunTestMethod(TestExecutionContext context)&#xD;
   at NUnit.Framework.Internal.Commands.TestMethodCommand.Execute(TestExecutionContext context)&#xD;
   at NUnit.Framework.Internal.Commands.BeforeAndAfterTestCommand.&lt;&gt;c__DisplayClass1_0.&lt;Execute&gt;b__0()&#xD;
   at NUnit.Framework.Internal.Commands.DelegatingTestCommand.RunTestMethodInThreadAbortSafeZone(TestExecutionContext context, Action action)&#xD;
--SocketException&#xD;
   at System.Net.Sockets.Socket.AwaitableSocketAsyncEventArgs.ThrowException(SocketError error, CancellationToken cancellationToken)&#xD;
   at System.Net.Sockets.Socket.AwaitableSocketAsyncEventArgs.System.Threading.Tasks.Sources.IValueTaskSource.GetResult(Int16 token)&#xD;
   at System.Net.Sockets.Socket.&lt;ConnectAsync&gt;g__WaitForConnectWithCancellation|285_0(AwaitableSocketAsyncEventArgs saea, ValueTask connectTask, CancellationToken cancellationToken)&#xD;
   at System.Net.Http.HttpConnectionPool.ConnectToTcpHostAsync(String host, Int32 port, HttpRequestMessage initialRequest, Boolean async, CancellationToken cancellationToken)</StackTrace>
        </ErrorInfo>
      </Output>
    </UnitTestResult>
    <UnitTestResult executionId="e8bfaa86-e07b-47ff-b754-185111523d8b" testId="aad7b133-fc5d-4888-a731-7f7b3b2a2989" testName="GenerateALabelSuccessfully" computerName="MMD5CG24435TK" duration="00:00:00.0013600" startTime="2024-10-10T17:04:23.9805511+05:30" endTime="2024-10-10T17:04:23.9819113+05:30" testType="13cdc9d9-ddb5-4fa4-a97d-d965ccfc6d4b" outcome="Passed" testListId="8c84fa94-04c1-424b-9868-57a2d4851a1d" relativeResultsDirectory="e8bfaa86-e07b-47ff-b754-185111523d8b" />
    <UnitTestResult executionId="761e3cf6-d921-472f-ba19-b903b6e6812e" testId="4a01d423-0984-f6cc-1a0c-6af1740857f6" testName="UpdateDataWithValidAPIKeyAndJSONPayload" computerName="MMD5CG24435TK" duration="00:00:00.0295100" startTime="2024-10-10T17:04:23.9826535+05:30" endTime="2024-10-10T17:04:24.0121632+05:30" testType="13cdc9d9-ddb5-4fa4-a97d-d965ccfc6d4b" outcome="Failed" testListId="8c84fa94-04c1-424b-9868-57a2d4851a1d" relativeResultsDirectory="761e3cf6-d921-472f-ba19-b903b6e6812e">
      <Output>
        <StdOut>Given I have a valid MTS API URL</StdOut>
        <ErrorInfo>
          <Message>System.ArgumentNullException : Value cannot be null. (Parameter 'key')</Message>
          <StackTrace>   at System.ThrowHelper.ThrowArgumentNullException(String name)&#xD;
   at System.Collections.Concurrent.ConcurrentDictionary`2.TryGetValue(TKey key, TValue&amp; value)&#xD;
   at System.Collections.Concurrent.ConcurrentDictionary`2.get_Item(TKey key)&#xD;
   at Allure.Commons.Storage.AllureStorage.Get[T](String uuid)&#xD;
   at Allure.Commons.Storage.AllureStorage.AddStep(String parentUuid, String uuid, StepResult stepResult)&#xD;
   at Allure.Commons.AllureLifecycle.StartStep(String parentUuid, String uuid, StepResult stepResult)&#xD;
   at Allure.Commons.AllureLifecycle.StartStep(String uuid, StepResult result)&#xD;
   at Allure.SpecFlowPlugin.AllureTestTracerWrapper.StartStep(StepInstance stepInstance)&#xD;
   at Allure.SpecFlowPlugin.AllureTestTracerWrapper.TechTalk.SpecFlow.Tracing.ITestTracer.TraceStep(StepInstance stepInstance, Boolean showAdditionalArguments)&#xD;
   at TechTalk.SpecFlow.Infrastructure.TestExecutionEngine.ExecuteStep(IContextManager contextManager, StepInstance stepInstance)&#xD;
   at TechTalk.SpecFlow.Infrastructure.TestExecutionEngine.Step(StepDefinitionKeyword stepDefinitionKeyword, String keyword, String text, String multilineTextArg, Table tableArg)&#xD;
   at TechTalk.SpecFlow.TestRunner.Given(String text, String multilineTextArg, Table tableArg, String keyword)&#xD;
   at Amazon_E2E.Test.Controller_Plus_Service.Features.MTSDataUpdateFeature.UpdateDataWithValidAPIKeyAndJSONPayload() in C:\Users\SMU360\OneDrive - Maersk Group\Documents\GitHub\Amazon_E2E\Test\Controller_plus_Service\Features\MTS.feature:line 4&#xD;
   at System.RuntimeMethodHandle.InvokeMethod(Object target, Void** arguments, Signature sig, Boolean isConstructor)&#xD;
   at System.Reflection.MethodBaseInvoker.InvokeWithNoArgs(Object obj, BindingFlags invokeAttr)</StackTrace>
        </ErrorInfo>
      </Output>
    </UnitTestResult>
    <UnitTestResult executionId="b6c2a1c8-8e27-4605-b129-49f026a274b5" testId="94a87634-94af-589d-6eee-0fb8dc477f3f" testName="AssignContainerToParcel" computerName="MMD5CG24435TK" duration="00:00:00.0009550" startTime="2024-10-10T17:04:25.5396548+05:30" endTime="2024-10-10T17:04:25.5406096+05:30" testType="13cdc9d9-ddb5-4fa4-a97d-d965ccfc6d4b" outcome="Passed" testListId="8c84fa94-04c1-424b-9868-57a2d4851a1d" relativeResultsDirectory="b6c2a1c8-8e27-4605-b129-49f026a274b5" />
    <UnitTestResult executionId="5eefe91e-57c3-462e-8e54-a6c7ddfa945d" testId="f75b8041-c466-2276-08b4-91b037acd24c" testName="UserLogsInAndValidatesShipmentCreation" computerName="MMD5CG24435TK" duration="00:00:01.4252220" startTime="2024-10-10T17:04:24.0126792+05:30" endTime="2024-10-10T17:04:25.4379005+05:30" testType="13cdc9d9-ddb5-4fa4-a97d-d965ccfc6d4b" outcome="Passed" testListId="8c84fa94-04c1-424b-9868-57a2d4851a1d" relativeResultsDirectory="5eefe91e-57c3-462e-8e54-a6c7ddfa945d">
      <Output>
        <StdOut>Given the user provides valid credentials&#xD;
-&gt; done: ShipmentServiceSteps.GivenTheUserProvidesValidCredentials() (0.0s)&#xD;
When the user submits the login request&#xD;
Login Successful&#xD;
JWT Token: eyJhbGciOiJSUzI1NiIsInR5cCI6IkpXVCJ9.eyJpZCI6NTM5LCJmaXJzdF9uYW1lIjoiU2VlYnVyZ2VyIiwibGFzdF9uYW1lIjoiTWFlcnNrIiwiZW1haWwiOiJzZWVidXJnZXJAbWFlcnNrLmNvbSIsInJvbGVzIjpbeyJyb2xlIjoiUE1TIiwiZGVzY3JpcHRpb24iOiJQYXJjZWwgTWFuaWZlc3QgU2VydmljZSBzcGVjaWZpYyByb2xlIn0seyJyb2xlIjoiR1RTIiwiZGVzY3JpcHRpb24iOiJBY2NvdW50cyB0aGF0IGFyZSBhdXRob3Jpc2VkIHRvIGFjY2VzcyBHVFMifSx7InJvbGUiOiJCcmFuZF9BcGlfVXNlciIsImRlc2NyaXB0aW9uIjoiVXNlciBmb3IgQnJhbmQgQVBJIn1dLCJicmFuZF9pZCI6IiIsImV4cCI6MTcyOTE2NDg2NX0.c7PmFSdQvXQyOw-CD4ki8BtXF8lwiy7N7jiTNpWlwU0OYl2QdmZ89TdFaV91tdw7VLCR0mAiZg8AnsTyMrWSm24pYrObf-7ODS4t3MHF__pJjS-Up2a8ApZMS_Enw7bnAaSihCSiqEtzqKdp0CXXKjyowGRSm1vjis30AiahPn8&#xD;
-&gt; done: ShipmentServiceSteps.WhenTheUserSubmitsTheLoginRequest() (1.4s)&#xD;
Then the user should receive a JWT token&#xD;
JWT Token: eyJhbGciOiJSUzI1NiIsInR5cCI6IkpXVCJ9.eyJpZCI6NTM5LCJmaXJzdF9uYW1lIjoiU2VlYnVyZ2VyIiwibGFzdF9uYW1lIjoiTWFlcnNrIiwiZW1haWwiOiJzZWVidXJnZXJAbWFlcnNrLmNvbSIsInJvbGVzIjpbeyJyb2xlIjoiUE1TIiwiZGVzY3JpcHRpb24iOiJQYXJjZWwgTWFuaWZlc3QgU2VydmljZSBzcGVjaWZpYyByb2xlIn0seyJyb2xlIjoiR1RTIiwiZGVzY3JpcHRpb24iOiJBY2NvdW50cyB0aGF0IGFyZSBhdXRob3Jpc2VkIHRvIGFjY2VzcyBHVFMifSx7InJvbGUiOiJCcmFuZF9BcGlfVXNlciIsImRlc2NyaXB0aW9uIjoiVXNlciBmb3IgQnJhbmQgQVBJIn1dLCJicmFuZF9pZCI6IiIsImV4cCI6MTcyOTE2NDg2NX0.c7PmFSdQvXQyOw-CD4ki8BtXF8lwiy7N7jiTNpWlwU0OYl2QdmZ89TdFaV91tdw7VLCR0mAiZg8AnsTyMrWSm24pYrObf-7ODS4t3MHF__pJjS-Up2a8ApZMS_Enw7bnAaSihCSiqEtzqKdp0CXXKjyowGRSm1vjis30AiahPn8&#xD;
-&gt; done: ShipmentServiceSteps.ThenTheUserShouldReceiveAJwtToken() (0.0s)</StdOut>
      </Output>
    </UnitTestResult>
    <UnitTestResult executionId="97a78334-a1e4-434f-8cc0-b6dfd9e837a7" testId="390003ca-bb85-2457-93b1-4554b7fd4614" testName="UserValidatesTheShipmentCreation" computerName="MMD5CG24435TK" duration="00:00:00.0987750" startTime="2024-10-10T17:04:25.4398839+05:30" endTime="2024-10-10T17:04:25.5386584+05:30" testType="13cdc9d9-ddb5-4fa4-a97d-d965ccfc6d4b" outcome="Failed" testListId="8c84fa94-04c1-424b-9868-57a2d4851a1d" relativeResultsDirectory="97a78334-a1e4-434f-8cc0-b6dfd9e837a7">
      <Output>
        <StdOut>When the user validates the shipment creation&#xD;
-&gt; No matching step definition found for the step. Use the following code to create one:&#xD;
        [When(@"the user validates the shipment creation")]&#xD;
        public void WhenTheUserValidatesTheShipmentCreation()&#xD;
        {&#xD;
            _scenarioContext.Pending();&#xD;
        }&#xD;
&#xD;
-&gt; error: Unable to cast object of type 'Allure.Commons.StepResult' to type 'Allure.Commons.TestResult'. (0.0s)</StdOut>
        <ErrorInfo>
          <Message>System.ArgumentNullException : Value cannot be null. (Parameter 'key')</Message>
          <StackTrace>   at System.ThrowHelper.ThrowArgumentNullException(String name)&#xD;
   at System.Collections.Concurrent.ConcurrentDictionary`2.TryGetValue(TKey key, TValue&amp; value)&#xD;
   at System.Collections.Concurrent.ConcurrentDictionary`2.get_Item(TKey key)&#xD;
   at Allure.Commons.Storage.AllureStorage.Get[T](String uuid)&#xD;
   at Allure.Commons.AllureLifecycle.UpdateTestCase(String uuid, Action`1 update)&#xD;
   at Allure.Commons.AllureLifecycle.UpdateTestCase(Action`1 update)&#xD;
   at Allure.SpecFlowPlugin.AllureTestTracerWrapper.FailScenario(Exception ex)&#xD;
   at Allure.SpecFlowPlugin.AllureTestTracerWrapper.TechTalk.SpecFlow.Tracing.ITestTracer.TraceError(Exception ex, TimeSpan duration)&#xD;
   at TechTalk.SpecFlow.Infrastructure.TestExecutionEngine.ExecuteStep(IContextManager contextManager, StepInstance stepInstance)&#xD;
   at TechTalk.SpecFlow.Infrastructure.TestExecutionEngine.Step(StepDefinitionKeyword stepDefinitionKeyword, String keyword, String text, String multilineTextArg, Table tableArg)&#xD;
   at TechTalk.SpecFlow.TestRunner.When(String text, String multilineTextArg, Table tableArg, String keyword)&#xD;
   at Amazon_E2E.Test.Controller_Plus_Service.Features.ShipmentProcessingFeature.UserValidatesTheShipmentCreation() in C:\Users\SMU360\OneDrive - Maersk Group\Documents\GitHub\Amazon_E2E\Test\Controller_plus_Service\Features\PMS.feature:line 9&#xD;
   at System.RuntimeMethodHandle.InvokeMethod(Object target, Void** arguments, Signature sig, Boolean isConstructor)&#xD;
   at System.Reflection.MethodBaseInvoker.InvokeWithNoArgs(Object obj, BindingFlags invokeAttr)</StackTrace>
        </ErrorInfo>
      </Output>
    </UnitTestResult>
  </Results>
  <TestDefinitions>
    <UnitTest name="UserLogsInAndValidatesShipmentCreation" storage="c:\users\smu360\onedrive - maersk group\documents\github\amazon_e2e\bin\debug\net8.0\amazon_e2e.dll" id="f75b8041-c466-2276-08b4-91b037acd24c">
      <Execution id="5eefe91e-57c3-462e-8e54-a6c7ddfa945d" />
      <TestMethod codeBase="C:\Users\SMU360\OneDrive - Maersk Group\Documents\GitHub\Amazon_E2E\bin\Debug\net8.0\Amazon_E2E.dll" adapterTypeName="executor://nunit3testexecutor/" className="Amazon_E2E.Test.Controller_Plus_Service.Features.ShipmentProcessingFeature" name="UserLogsInAndValidatesShipmentCreation" />
    </UnitTest>
    <UnitTest name="AssignContainerToParcel" storage="c:\users\smu360\onedrive - maersk group\documents\github\amazon_e2e\bin\debug\net8.0\amazon_e2e.dll" id="94a87634-94af-589d-6eee-0fb8dc477f3f">
      <Execution id="b6c2a1c8-8e27-4605-b129-49f026a274b5" />
      <TestMethod codeBase="C:\Users\SMU360\OneDrive - Maersk Group\Documents\GitHub\Amazon_E2E\bin\Debug\net8.0\Amazon_E2E.dll" adapterTypeName="executor://nunit3testexecutor/" className="Amazon_E2E.Test.Controller_Plus_Service.Features.SortServiceAssignmentFeature" name="AssignContainerToParcel" />
    </UnitTest>
    <UnitTest name="GenerateALabelSuccessfully" storage="c:\users\smu360\onedrive - maersk group\documents\github\amazon_e2e\bin\debug\net8.0\amazon_e2e.dll" id="aad7b133-fc5d-4888-a731-7f7b3b2a2989">
      <Execution id="e8bfaa86-e07b-47ff-b754-185111523d8b" />
      <TestMethod codeBase="C:\Users\SMU360\OneDrive - Maersk Group\Documents\GitHub\Amazon_E2E\bin\Debug\net8.0\Amazon_E2E.dll" adapterTypeName="executor://nunit3testexecutor/" className="Amazon_E2E.Test.Controller_Plus_Service.Features.LabelGenerationFeature" name="GenerateALabelSuccessfully" />
    </UnitTest>
    <UnitTest name="TestShipmentApiAndValidationFlow" storage="c:\users\smu360\onedrive - maersk group\documents\github\amazon_e2e\bin\debug\net8.0\amazon_e2e.dll" id="d95fb994-0694-ecb2-235e-f21e2ccc8014">
      <Execution id="95b31129-bc8e-4a70-a604-16e94873f6b1" />
      <TestMethod codeBase="C:\Users\SMU360\OneDrive - Maersk Group\Documents\GitHub\Amazon_E2E\bin\Debug\net8.0\Amazon_E2E.dll" adapterTypeName="executor://nunit3testexecutor/" className="Tests.ShipmentTests" name="TestShipmentApiAndValidationFlow" />
    </UnitTest>
    <UnitTest name="LaunchTestAsync" storage="c:\users\smu360\onedrive - maersk group\documents\github\amazon_e2e\bin\debug\net8.0\amazon_e2e.dll" id="549abac6-dc6e-874b-2853-fc877d53d5ce">
      <Execution id="b0959ed5-33d2-47b3-8735-7e7ee4aa3505" />
      <TestMethod codeBase="C:\Users\SMU360\OneDrive - Maersk Group\Documents\GitHub\Amazon_E2E\bin\Debug\net8.0\Amazon_E2E.dll" adapterTypeName="executor://nunit3testexecutor/" className="Amazon_E2E_copy.Tests.LaunchTest" name="LaunchTestAsync" />
    </UnitTest>
    <UnitTest name="UserValidatesTheShipmentCreation" storage="c:\users\smu360\onedrive - maersk group\documents\github\amazon_e2e\bin\debug\net8.0\amazon_e2e.dll" id="390003ca-bb85-2457-93b1-4554b7fd4614">
      <Execution id="97a78334-a1e4-434f-8cc0-b6dfd9e837a7" />
      <TestMethod codeBase="C:\Users\SMU360\OneDrive - Maersk Group\Documents\GitHub\Amazon_E2E\bin\Debug\net8.0\Amazon_E2E.dll" adapterTypeName="executor://nunit3testexecutor/" className="Amazon_E2E.Test.Controller_Plus_Service.Features.ShipmentProcessingFeature" name="UserValidatesTheShipmentCreation" />
    </UnitTest>
    <UnitTest name="SuccessfullyRetrieveAJWTTokenAndPackageBarcode" storage="c:\users\smu360\onedrive - maersk group\documents\github\amazon_e2e\bin\debug\net8.0\amazon_e2e.dll" id="6efe9f55-6958-788e-1ddd-02161360c1c1">
      <Execution id="4328f032-d370-4d64-ac6a-b240adcf8729" />
      <TestMethod codeBase="C:\Users\SMU360\OneDrive - Maersk Group\Documents\GitHub\Amazon_E2E\bin\Debug\net8.0\Amazon_E2E.dll" adapterTypeName="executor://nunit3testexecutor/" className="Amazon_E2E.Test.Controller_Plus_Service.Features.GTSAuthenticationAndTrackingFeature" name="SuccessfullyRetrieveAJWTTokenAndPackageBarcode" />
    </UnitTest>
    <UnitTest name="UpdateDataWithValidAPIKeyAndJSONPayload" storage="c:\users\smu360\onedrive - maersk group\documents\github\amazon_e2e\bin\debug\net8.0\amazon_e2e.dll" id="4a01d423-0984-f6cc-1a0c-6af1740857f6">
      <Execution id="761e3cf6-d921-472f-ba19-b903b6e6812e" />
      <TestMethod codeBase="C:\Users\SMU360\OneDrive - Maersk Group\Documents\GitHub\Amazon_E2E\bin\Debug\net8.0\Amazon_E2E.dll" adapterTypeName="executor://nunit3testexecutor/" className="Amazon_E2E.Test.Controller_Plus_Service.Features.MTSDataUpdateFeature" name="UpdateDataWithValidAPIKeyAndJSONPayload" />
    </UnitTest>
  </TestDefinitions>
  <TestEntries>
    <TestEntry testId="549abac6-dc6e-874b-2853-fc877d53d5ce" executionId="b0959ed5-33d2-47b3-8735-7e7ee4aa3505" testListId="8c84fa94-04c1-424b-9868-57a2d4851a1d" />
    <TestEntry testId="6efe9f55-6958-788e-1ddd-02161360c1c1" executionId="4328f032-d370-4d64-ac6a-b240adcf8729" testListId="8c84fa94-04c1-424b-9868-57a2d4851a1d" />
    <TestEntry testId="d95fb994-0694-ecb2-235e-f21e2ccc8014" executionId="95b31129-bc8e-4a70-a604-16e94873f6b1" testListId="8c84fa94-04c1-424b-9868-57a2d4851a1d" />
    <TestEntry testId="aad7b133-fc5d-4888-a731-7f7b3b2a2989" executionId="e8bfaa86-e07b-47ff-b754-185111523d8b" testListId="8c84fa94-04c1-424b-9868-57a2d4851a1d" />
    <TestEntry testId="4a01d423-0984-f6cc-1a0c-6af1740857f6" executionId="761e3cf6-d921-472f-ba19-b903b6e6812e" testListId="8c84fa94-04c1-424b-9868-57a2d4851a1d" />
    <TestEntry testId="94a87634-94af-589d-6eee-0fb8dc477f3f" executionId="b6c2a1c8-8e27-4605-b129-49f026a274b5" testListId="8c84fa94-04c1-424b-9868-57a2d4851a1d" />
    <TestEntry testId="f75b8041-c466-2276-08b4-91b037acd24c" executionId="5eefe91e-57c3-462e-8e54-a6c7ddfa945d" testListId="8c84fa94-04c1-424b-9868-57a2d4851a1d" />
    <TestEntry testId="390003ca-bb85-2457-93b1-4554b7fd4614" executionId="97a78334-a1e4-434f-8cc0-b6dfd9e837a7" testListId="8c84fa94-04c1-424b-9868-57a2d4851a1d" />
  </TestEntries>
  <TestLists>
    <TestList name="Results Not in a List" id="8c84fa94-04c1-424b-9868-57a2d4851a1d" />
    <TestList name="All Loaded Results" id="19431567-8539-422a-85d7-44ee4e166bda" />
  </TestLists>
  <ResultSummary outcome="Failed">
    <Counters total="8" executed="8" passed="5" failed="3" error="0" timeout="0" aborted="0" inconclusive="0" passedButRunAborted="0" notRunnable="0" notExecuted="0" disconnected="0" warning="0" completed="0" inProgress="0" pending="0" />
    <Output>
      <StdOut>NUnit Adapter 4.2.0.0: Test execution started&#xD;
Running all tests in C:\Users\SMU360\OneDrive - Maersk Group\Documents\GitHub\Amazon_E2E\bin\Debug\net8.0\Amazon_E2E.dll&#xD;
   NUnit3TestExecutor discovered 8 of 8 NUnit test cases using Current Discovery mode, Non-Explicit run&#xD;
NUnit Adapter 4.2.0.0: Test execution complete&#xD;
</StdOut>
    </Output>
    <RunInfos>
      <RunInfo computerName="MMD5CG24435TK" outcome="Warning" timestamp="2024-10-10T17:04:24.0273589+05:30">
        <Text>Given I have a valid MTS API URL&#xD;
</Text>
      </RunInfo>
      <RunInfo computerName="MMD5CG24435TK" outcome="Warning" timestamp="2024-10-10T17:04:25.4396143+05:30">
        <Text>Given the user provides valid credentials&#xD;
-&gt; done: ShipmentServiceSteps.GivenTheUserProvidesValidCredentials() (0.0s)&#xD;
When the user submits the login request&#xD;
Login Successful&#xD;
JWT Token: eyJhbGciOiJSUzI1NiIsInR5cCI6IkpXVCJ9.eyJpZCI6NTM5LCJmaXJzdF9uYW1lIjoiU2VlYnVyZ2VyIiwibGFzdF9uYW1lIjoiTWFlcnNrIiwiZW1haWwiOiJzZWVidXJnZXJAbWFlcnNrLmNvbSIsInJvbGVzIjpbeyJyb2xlIjoiUE1TIiwiZGVzY3JpcHRpb24iOiJQYXJjZWwgTWFuaWZlc3QgU2VydmljZSBzcGVjaWZpYyByb2xlIn0seyJyb2xlIjoiR1RTIiwiZGVzY3JpcHRpb24iOiJBY2NvdW50cyB0aGF0IGFyZSBhdXRob3Jpc2VkIHRvIGFjY2VzcyBHVFMifSx7InJvbGUiOiJCcmFuZF9BcGlfVXNlciIsImRlc2NyaXB0aW9uIjoiVXNlciBmb3IgQnJhbmQgQVBJIn1dLCJicmFuZF9pZCI6IiIsImV4cCI6MTcyOTE2NDg2NX0.c7PmFSdQvXQyOw-CD4ki8BtXF8lwiy7N7jiTNpWlwU0OYl2QdmZ89TdFaV91tdw7VLCR0mAiZg8AnsTyMrWSm24pYrObf-7ODS4t3MHF__pJjS-Up2a8ApZMS_Enw7bnAaSihCSiqEtzqKdp0CXXKjyowGRSm1vjis30AiahPn8&#xD;
-&gt; done: ShipmentServiceSteps.WhenTheUserSubmitsTheLoginRequest() (1.4s)&#xD;
Then the user should receive a JWT token&#xD;
JWT Token: eyJhbGciOiJSUzI1NiIsInR5cCI6IkpXVCJ9.eyJpZCI6NTM5LCJmaXJzdF9uYW1lIjoiU2VlYnVyZ2VyIiwibGFzdF9uYW1lIjoiTWFlcnNrIiwiZW1haWwiOiJzZWVidXJnZXJAbWFlcnNrLmNvbSIsInJvbGVzIjpbeyJyb2xlIjoiUE1TIiwiZGVzY3JpcHRpb24iOiJQYXJjZWwgTWFuaWZlc3QgU2VydmljZSBzcGVjaWZpYyByb2xlIn0seyJyb2xlIjoiR1RTIiwiZGVzY3JpcHRpb24iOiJBY2NvdW50cyB0aGF0IGFyZSBhdXRob3Jpc2VkIHRvIGFjY2VzcyBHVFMifSx7InJvbGUiOiJCcmFuZF9BcGlfVXNlciIsImRlc2NyaXB0aW9uIjoiVXNlciBmb3IgQnJhbmQgQVBJIn1dLCJicmFuZF9pZCI6IiIsImV4cCI6MTcyOTE2NDg2NX0.c7PmFSdQvXQyOw-CD4ki8BtXF8lwiy7N7jiTNpWlwU0OYl2QdmZ89TdFaV91tdw7VLCR0mAiZg8AnsTyMrWSm24pYrObf-7ODS4t3MHF__pJjS-Up2a8ApZMS_Enw7bnAaSihCSiqEtzqKdp0CXXKjyowGRSm1vjis30AiahPn8&#xD;
-&gt; done: ShipmentServiceSteps.ThenTheUserShouldReceiveAJwtToken() (0.0s)&#xD;
</Text>
      </RunInfo>
      <RunInfo computerName="MMD5CG24435TK" outcome="Warning" timestamp="2024-10-10T17:04:25.5401380+05:30">
        <Text>When the user validates the shipment creation&#xD;
-&gt; No matching step definition found for the step. Use the following code to create one:&#xD;
        [When(@"the user validates the shipment creation")]&#xD;
        public void WhenTheUserValidatesTheShipmentCreation()&#xD;
        {&#xD;
            _scenarioContext.Pending();&#xD;
        }&#xD;
&#xD;
-&gt; error: Unable to cast object of type 'Allure.Commons.StepResult' to type 'Allure.Commons.TestResult'. (0.0s)&#xD;
</Text>
      </RunInfo>
      <RunInfo computerName="MMD5CG24435TK" outcome="Warning" timestamp="2024-10-10T17:05:05.9378226+05:30">
        <Text>Login Successful&#xD;
JWT Token: eyJhbGciOiJSUzI1NiIsInR5cCI6IkpXVCJ9.eyJpZCI6NTM5LCJmaXJzdF9uYW1lIjoiU2VlYnVyZ2VyIiwibGFzdF9uYW1lIjoiTWFlcnNrIiwiZW1haWwiOiJzZWVidXJnZXJAbWFlcnNrLmNvbSIsInJvbGVzIjpbeyJyb2xlIjoiUE1TIiwiZGVzY3JpcHRpb24iOiJQYXJjZWwgTWFuaWZlc3QgU2VydmljZSBzcGVjaWZpYyByb2xlIn0seyJyb2xlIjoiR1RTIiwiZGVzY3JpcHRpb24iOiJBY2NvdW50cyB0aGF0IGFyZSBhdXRob3Jpc2VkIHRvIGFjY2VzcyBHVFMifSx7InJvbGUiOiJCcmFuZF9BcGlfVXNlciIsImRlc2NyaXB0aW9uIjoiVXNlciBmb3IgQnJhbmQgQVBJIn1dLCJicmFuZF9pZCI6IiIsImV4cCI6MTcyOTE2NDg2OX0.nAM5XgclLrQfupjPHqgG9WmBZLmrqubHVmuC7WdqpzMVY4HjxTmE1bEwZefmpc8Zucpo7iYqhzXil2BzFFhjnJwTjdlslbMgsTLg_2fpuHOH9_6h7W9b3G3CjCV8sHEb2vC4EH1Nx90kc9pnF9V3UA1m3X-6fIpkQSjYr8t_EQw&#xD;
Sort JWT Token: eyJhbGciOiJSUzI1NiIsInR5cCI6IkpXVCJ9.eyJpZCI6NTczLCJmaXJzdF9uYW1lIjoiU29ydGluZyIsImxhc3RfbmFtZSI6IkFkbWluaXN0cmF0b3IiLCJlbWFpbCI6InNvcnRpbmdfYWRtaW4xQG1hZXJzay5jb20iLCJyb2xlcyI6W3sicm9sZSI6IlNvcnRpbmdfQWRtaW5pc3RyYXRvciIsImRlc2NyaXB0aW9uIjoiU29ydGluZyBBZG1pbmlzdHJhdG9yIn1dLCJicmFuZF9pZCI6IiIsImV4cCI6MTcyOTE2NDg2OX0.BVanKHggArEskgD8G9xb99_D7OuaDssb2mKJZ6uRC6zEQagOyop6uC5GmdUfoabxwp7gL6ZxzX0T083UN3CfA66ZQl3tRHO3t-eIHwpVLkhZdVagd2hELVtQLNBqhloOCpwKg66BRMsmyW-BQ6p6oz-SpEIFeStJhzhWHvBb9h4&#xD;
Manifest Number: Testing_20240_169&#xD;
Customer Identifier: AMAEU0001&#xD;
Shipment is in PreProcessing, waiting for 30 seconds...&#xD;
Shipment processed successfully.&#xD;
JSON Content: {&#xD;
  "schemaVersion": "Amazon_v1",&#xD;
  "fromAddress": {&#xD;
    "isResidential": false,&#xD;
    "addressLine1": "1623 Damsluisweg 40",&#xD;
    "city": "Almere",&#xD;
    "state": "NL",&#xD;
    "zip": "1332 ED",&#xD;
    "countryCode": "NL",&#xD;
    "name": "Amazon.com",&#xD;
    "company": "Amazon NL",&#xD;
    "phone": "513-346-3100",&#xD;
    "email": "info@sample.com",&#xD;
    "type": "Ship_From"&#xD;
  },&#xD;
  "warehouseLocation": "ABE2",&#xD;
  "transmissionDate": "2024-09-30T18:30:10.794Z",&#xD;
  "shipDate": "2024-09-30T18:30:10.794Z",&#xD;
  "billingType": "PREPAID",&#xD;
  "totalShipmentQuantity": 1,&#xD;
  "totalShipmentQuantityUnit": "EA",&#xD;
  "totalShipmentValueCurrencyCode": "USD",&#xD;
  "totalShipmentValueType": "CHARGE",&#xD;
  "totalShipmentValue": 6.88,&#xD;
  "currencyCode": "USD",&#xD;
  "totalDeclaredWeight": "1",&#xD;
  "totalDeclaredWeightUnit": "LB",&#xD;
  "totalWeight": 1,&#xD;
  "totalWeightUnit": "LB",&#xD;
  "senderId": "Amazon",&#xD;
  "recipientId": "CarrierInternalId",&#xD;
  "carrierInternalId": "Carrier Name",&#xD;
  "shipmentMethod": "ABC_INT_EXPD",&#xD;
  "carrierAccountId": "ABCDFRT",&#xD;
  "shipments": [&#xD;
    {&#xD;
      "orderNumber": "TSTAMZEU90001_0000002",&#xD;
      "marketPlaceId": "1",&#xD;
      "termsOfSale": "DDP",&#xD;
      "freightCharge": 7,&#xD;
      "freightChargeCurrencyCode": "USD",&#xD;
      "freightChargeType": "CHARGE",&#xD;
      "valueOfGoods": 7,&#xD;
      "valueOfGoodsCurrencyCode": "USD",&#xD;
      "valueOfGoodsType": "CHARGE",&#xD;
      "cif": 7,&#xD;
      "cifCurrencyCode": "USD",&#xD;
      "cifType": "CHARGE",&#xD;
      "consigneeFreightCharge": 7,&#xD;
      "consigneeFreightChargeCurrencyCode": "USD",&#xD;
      "consigneeFreightChargeType": "CHARGE",&#xD;
      "toAddress": {&#xD;
        "isResidential": true,&#xD;
        "addressLine1": "58 Middle Point Rd",&#xD;
        "city": "San Francisco",&#xD;
        "state": "CA",&#xD;
        "zip": "94124-2222",&#xD;
        "countrycode": "US",&#xD;
        "name": "Test Customer",&#xD;
        "company": "Amazon US",&#xD;
        "phone": "313-111-1111",&#xD;
        "email": "info@sample.com",&#xD;
        "type": "consignee",&#xD;
        "taxIdType": "ITIN",&#xD;
        "taxId": "991-83-8TST"&#xD;
      },&#xD;
      "package": {&#xD;
        "length": 12.59,&#xD;
        "lengthUnit": "IN",&#xD;
        "width": 3.93,&#xD;
        "widthUnit": "IN",&#xD;
        "height": 4.72,&#xD;
        "heightUnit": "IN",&#xD;
        "declaredWeight": 1,&#xD;
        "declaredWeightUnit": "LB",&#xD;
        "weight": 1,&#xD;
        "weightUnit": "LB",&#xD;
        "weightCalculateMethod": "Weight",&#xD;
        "shipmentMethod": "ABC_INT_EXPD",&#xD;
        "deliveryDate": "2024-09-30T15:30:10.796Z",&#xD;
        "shipSort": "EWR8-SKNY-ILTV-IL-EXP",&#xD;
        "shipOption": "std-intl-us-eur2-ag",&#xD;
        "zone": "ILTV_TO_IL",&#xD;
        "declaredValue": 1.34,&#xD;
        "declaredValueCurrencyCode": "USD",&#xD;
        "exportedCharge": 0.0,&#xD;
        "exportedChargeCurrencyCode": "USD",&#xD;
        "description": "Maersk Pen",&#xD;
        "trackingNumber": "TSTAMZEU90001_0000002",&#xD;
        "trackingBarCodeNumber": "TSTAMZEU90001_0000002",&#xD;
        "legacyShipmentId": "leGacy1",&#xD;
        "packageNumber": 1,&#xD;
        "batteryStatements": "Not restricted as per special provision A123",&#xD;
        "codCharge": "0.00",&#xD;
        "codChargeCurrencyCode": "EUR",&#xD;
        "codChargeType": "CHARGE",&#xD;
        "packageItems": [&#xD;
          {&#xD;
            "altCode": "112-6978775-2915401",&#xD;
            "sku": "MAERSK PEN",&#xD;
            "skuType": "AMAZON_ASIN",&#xD;
            "skuIsFreeRep": false,&#xD;
            "description": "Maersk Pen - Biodegradable, Navy blue",&#xD;
            "quantity": 1,&#xD;
            "quantityUnit": "EA",&#xD;
            "isHazmat": false,&#xD;
            "price": 1.34,&#xD;
            "priceCurrencyCode": "USD",&#xD;
            "priceType": "CHARGE",&#xD;
            "extendedprice": 1.34,&#xD;
            "extendedPriceCurrencyCode": "USD",&#xD;
            "extendedPriceType": "CHARGE",&#xD;
            "weight": 1,&#xD;
            "weightUnit": "LB",&#xD;
            "hsCode": "9608300039",&#xD;
            "hsCodeDestination": "9608300039",&#xD;
            "hsCodeDescription": "With liquid ink",&#xD;
            "countryOfOrigin": "CN"&#xD;
          },&#xD;
          {&#xD;
            "altCode": "112-6978775-2915401",&#xD;
            "sku": "MAERSK PEN",&#xD;
            "skuType": "AMAZON_ASIN",&#xD;
            "skuIsFreeRep": false,&#xD;
            "description": "Maersk Pen - Biodegradable, Navy blue",&#xD;
            "quantity": 1,&#xD;
            "quantityUnit": "EA",&#xD;
            "isHazmat": false,&#xD;
            "price": 1.34,&#xD;
            "priceCurrencyCode": "USD",&#xD;
            "priceType": "CHARGE",&#xD;
            "extendedprice": 1.34,&#xD;
            "extendedPriceCurrencyCode": "USD",&#xD;
            "extendedPriceType": "CHARGE",&#xD;
            "weight": 1,&#xD;
            "weightUnit": "LB",&#xD;
            "hsCode": "4820102020",&#xD;
            "hsCodeDestination": "4820102020",&#xD;
            "hsCodeDescription": "With liquid ink",&#xD;
            "countryOfOrigin": "CN"&#xD;
          }&#xD;
        ]&#xD;
      },&#xD;
      "transmissionDate": "2024-10-10T17:04:27",&#xD;
      "shipDate": "2024-10-10T17:04:27",&#xD;
      "deliveryDate": "2024-10-10T17:04:27"&#xD;
    }&#xD;
  ],&#xD;
  "lastManifestNumber": "Testing_20240_169",&#xD;
  "lastIncrement": 2&#xD;
}&#xD;
Order ID: TSTAMZEU90001_0000002&#xD;
Tracking Number: TSTAMZEU90001_0000002&#xD;
</Text>
      </RunInfo>
    </RunInfos>
  </ResultSummary>
</TestRun>